2025-11-30 18:56:09,778 file.manager INFO 2.0.2
2025-11-30 18:56:09,778 file.manager INFO Copyright (C) 2003-2024, Noriaki Ando and OpenRTM development team,
2025-11-30 18:56:09,778 file.manager INFO   Intelligent Systems Research Institute, AIST,
2025-11-30 18:56:09,779 file.manager INFO Copyright (C) 2024, Noriaki Ando and OpenRTM development team,
2025-11-30 18:56:09,779 file.manager INFO   Industrial Cyber-Physical Research Center, AIST,
2025-11-30 18:56:09,779 file.manager INFO   All right reserved.
2025-11-30 18:56:09,779 file.manager INFO Manager starting.
2025-11-30 18:56:09,779 file.manager INFO Starting local logging.
2025-11-30 18:56:09,801 file.manager.namingmanager INFO NameServer connection succeeded: corba/127.0.0.1:2809
2025-11-30 18:56:13,873 file.ManagerServant INFO Master manager not found
2025-11-30 18:56:13,873 file.LocalServiceAdmin INFO All the local services are enabled.
2025-11-30 18:56:13,876 file.ec_base INFO setRate(1000000.000000) done
2025-11-30 18:56:13,876 file.ec_base INFO setRate(1000.000000) done
2025-11-30 18:56:13,877 file.rtobject INFO 1 execution context was created.
2025-11-30 18:56:13,877 file.rtobject INFO Initial active configuration set is default.
2025-11-30 18:56:27,974 file.ManagerServant INFO Master manager not found
2025-11-30 18:56:38,064 file.ManagerServant INFO Master manager not found
2025-11-30 18:56:48,176 file.ManagerServant INFO Master manager not found
2025-11-30 18:56:58,137 file.ManagerServant INFO Master manager not found
2025-11-30 18:57:00,440 file.OutPortConnector ERROR unkown error.
2025-11-30 18:57:08,207 file.ManagerServant INFO Master manager not found
2025-11-30 18:57:18,286 file.ManagerServant INFO Master manager not found
2025-11-30 18:57:28,377 file.ManagerServant INFO Master manager not found
2025-11-30 18:57:38,997 file.ManagerServant INFO Master manager not found
2025-11-30 18:57:48,488 file.ManagerServant INFO Master manager not found
2025-11-30 18:57:49,593 file.manager.namingoncorba ERROR Traceback (most recent call last):
  File "C:\Users\user\AppData\Local\Programs\Python\Python312\Lib\site-packages\OpenRTM_aist\NamingManager.py", line 231, in unbindObject
    self._cosnaming.unbind(name)
  File "C:\Users\user\AppData\Local\Programs\Python\Python312\Lib\site-packages\OpenRTM_aist\CorbaNaming.py", line 604, in unbind
    self._rootContext.unbind(name_)
  File "C:\Users\user\AppData\Local\Programs\Python\Python312\Lib\site-packages\CosNaming_idl.py", line 242, in unbind
    return self._obj.invoke("unbind", _0_CosNaming.NamingContext._d_unbind, args)
           ^^^^^^^^^^^^^^^^^^^^^^^^^^^^^^^^^^^^^^^^^^^^^^^^^^^^^^^^^^^^^^^^^^^^^^
CosNaming.NamingContext.NotFound: CosNaming.NamingContext.NotFound(why=missing_node, rest_of_name=[CosNaming.NameComponent(id='user_info0', kind='rtc')])

